<?xml version="1.0" encoding="UTF-8"?>
<testng-results ignored="0" total="1" passed="1" failed="0" skipped="0">
  <reporter-output>
  </reporter-output>
  <suite started-at="2024-12-09T06:54:36 IST" name="Default suite" finished-at="2024-12-09T06:54:44 IST" duration-ms="7515">
    <groups>
    </groups>
    <test started-at="2024-12-09T06:54:36 IST" name="Default test" finished-at="2024-12-09T06:54:44 IST" duration-ms="7515">
      <class name="testNG.AssertionTestLogin">
        <test-method is-config="true" signature="setUp()[pri:0, instance:testNG.AssertionTestLogin@26d9b808]" started-at="2024-12-09T06:54:36 IST" name="setUp" finished-at="2024-12-09T06:54:41 IST" duration-ms="5444" status="PASS">
          <reporter-output>
          </reporter-output>
        </test-method> <!-- setUp -->
        <test-method signature="logIn()[pri:0, instance:testNG.AssertionTestLogin@26d9b808]" started-at="2024-12-09T06:54:42 IST" name="logIn" finished-at="2024-12-09T06:54:44 IST" duration-ms="1997" status="PASS">
          <reporter-output>
          </reporter-output>
        </test-method> <!-- logIn -->
      </class> <!-- testNG.AssertionTestLogin -->
    </test> <!-- Default test -->
  </suite> <!-- Default suite -->
</testng-results>
